{"/Users/heinhtetzor/a/code/poke/lib/utils.js": {"path":"/Users/heinhtetzor/a/code/poke/lib/utils.js","statementMap":{"0":{"start":{"line":12,"column":14},"end":{"line":12,"column":23}},"1":{"start":{"line":13,"column":2},"end":{"line":26,"column":4}},"2":{"start":{"line":14,"column":25},"end":{"line":14,"column":53}},"3":{"start":{"line":15,"column":3},"end":{"line":25,"column":4}},"4":{"start":{"line":16,"column":4},"end":{"line":18,"column":5}},"5":{"start":{"line":17,"column":5},"end":{"line":17,"column":32}},"6":{"start":{"line":19,"column":4},"end":{"line":23,"column":6}},"7":{"start":{"line":20,"column":5},"end":{"line":22,"column":7}},"8":{"start":{"line":21,"column":6},"end":{"line":21,"column":64}},"9":{"start":{"line":24,"column":4},"end":{"line":24,"column":65}},"10":{"start":{"line":27,"column":2},"end":{"line":27,"column":33}},"11":{"start":{"line":35,"column":16},"end":{"line":38,"column":8}},"12":{"start":{"line":36,"column":3},"end":{"line":36,"column":23}},"13":{"start":{"line":37,"column":3},"end":{"line":37,"column":14}},"14":{"start":{"line":39,"column":2},"end":{"line":39,"column":15}},"15":{"start":{"line":47,"column":16},"end":{"line":51,"column":8}},"16":{"start":{"line":48,"column":20},"end":{"line":48,"column":24}},"17":{"start":{"line":49,"column":3},"end":{"line":49,"column":25}},"18":{"start":{"line":50,"column":3},"end":{"line":50,"column":14}},"19":{"start":{"line":52,"column":2},"end":{"line":52,"column":15}},"20":{"start":{"line":56,"column":2},"end":{"line":56,"column":58}},"21":{"start":{"line":59,"column":0},"end":{"line":59,"column":23}}},"fnMap":{"0":{"name":"(anonymous_0)","decl":{"start":{"line":11,"column":1},"end":{"line":11,"column":2}},"loc":{"start":{"line":11,"column":54},"end":{"line":28,"column":2}},"line":11},"1":{"name":"(anonymous_1)","decl":{"start":{"line":13,"column":22},"end":{"line":13,"column":23}},"loc":{"start":{"line":13,"column":35},"end":{"line":26,"column":3}},"line":13},"2":{"name":"(anonymous_2)","decl":{"start":{"line":19,"column":39},"end":{"line":19,"column":40}},"loc":{"start":{"line":19,"column":57},"end":{"line":23,"column":5}},"line":19},"3":{"name":"(anonymous_3)","decl":{"start":{"line":20,"column":47},"end":{"line":20,"column":48}},"loc":{"start":{"line":20,"column":67},"end":{"line":22,"column":6}},"line":20},"4":{"name":"(anonymous_4)","decl":{"start":{"line":34,"column":1},"end":{"line":34,"column":2}},"loc":{"start":{"line":34,"column":33},"end":{"line":40,"column":2}},"line":34},"5":{"name":"(anonymous_5)","decl":{"start":{"line":35,"column":37},"end":{"line":35,"column":38}},"loc":{"start":{"line":35,"column":54},"end":{"line":38,"column":3}},"line":35},"6":{"name":"(anonymous_6)","decl":{"start":{"line":46,"column":1},"end":{"line":46,"column":2}},"loc":{"start":{"line":46,"column":33},"end":{"line":53,"column":2}},"line":46},"7":{"name":"(anonymous_7)","decl":{"start":{"line":47,"column":37},"end":{"line":47,"column":38}},"loc":{"start":{"line":47,"column":65},"end":{"line":51,"column":3}},"line":47},"8":{"name":"(anonymous_8)","decl":{"start":{"line":55,"column":1},"end":{"line":55,"column":2}},"loc":{"start":{"line":55,"column":28},"end":{"line":57,"column":2}},"line":55}},"branchMap":{"0":{"loc":{"start":{"line":15,"column":3},"end":{"line":25,"column":4}},"type":"if","locations":[{"start":{"line":15,"column":3},"end":{"line":25,"column":4}},{"start":{"line":15,"column":3},"end":{"line":25,"column":4}}],"line":15},"1":{"loc":{"start":{"line":16,"column":4},"end":{"line":18,"column":5}},"type":"if","locations":[{"start":{"line":16,"column":4},"end":{"line":18,"column":5}},{"start":{"line":16,"column":4},"end":{"line":18,"column":5}}],"line":16}},"s":{"0":2,"1":2,"2":5,"3":5,"4":3,"5":3,"6":3,"7":14,"8":14,"9":3,"10":2,"11":1,"12":1,"13":1,"14":1,"15":1,"16":6,"17":6,"18":6,"19":1,"20":0,"21":1},"f":{"0":2,"1":5,"2":14,"3":14,"4":1,"5":1,"6":1,"7":6,"8":0},"b":{"0":[3,2],"1":[3,0]},"_coverageSchema":"1a1c01bbd47fc00a2c39e90264f33305004495a9","hash":"3cd96b1d1d661cc6c264d76e2a37b882bb94d243"}
,"/Users/heinhtetzor/a/code/poke/lib/classes/console-writer.js": {"path":"/Users/heinhtetzor/a/code/poke/lib/classes/console-writer.js","statementMap":{"0":{"start":{"line":8,"column":17},"end":{"line":25,"column":2}},"1":{"start":{"line":28,"column":2},"end":{"line":32,"column":3}},"2":{"start":{"line":29,"column":3},"end":{"line":29,"column":30}},"3":{"start":{"line":31,"column":3},"end":{"line":31,"column":24}},"4":{"start":{"line":35,"column":0},"end":{"line":35,"column":31}}},"fnMap":{"0":{"name":"(anonymous_0)","decl":{"start":{"line":6,"column":1},"end":{"line":6,"column":2}},"loc":{"start":{"line":6,"column":15},"end":{"line":6,"column":17}},"line":6},"1":{"name":"(anonymous_1)","decl":{"start":{"line":27,"column":1},"end":{"line":27,"column":2}},"loc":{"start":{"line":27,"column":37},"end":{"line":33,"column":2}},"line":27}},"branchMap":{"0":{"loc":{"start":{"line":28,"column":2},"end":{"line":32,"column":3}},"type":"if","locations":[{"start":{"line":28,"column":2},"end":{"line":32,"column":3}},{"start":{"line":28,"column":2},"end":{"line":32,"column":3}}],"line":28}},"s":{"0":2,"1":0,"2":0,"3":0,"4":2},"f":{"0":0,"1":0},"b":{"0":[0,0]},"_coverageSchema":"1a1c01bbd47fc00a2c39e90264f33305004495a9","hash":"7924d2f23cba3625e6e0fbac8628cf1bc5539b8a"}
,"/Users/heinhtetzor/a/code/poke/lib/classes/poke-wrapper.js": {"path":"/Users/heinhtetzor/a/code/poke/lib/classes/poke-wrapper.js","statementMap":{"0":{"start":{"line":1,"column":27},"end":{"line":1,"column":43}},"1":{"start":{"line":2,"column":15},"end":{"line":2,"column":42}},"2":{"start":{"line":3,"column":19},"end":{"line":3,"column":46}},"3":{"start":{"line":4,"column":22},"end":{"line":4,"column":49}},"4":{"start":{"line":15,"column":2},"end":{"line":15,"column":29}},"5":{"start":{"line":16,"column":2},"end":{"line":16,"column":21}},"6":{"start":{"line":17,"column":2},"end":{"line":17,"column":41}},"7":{"start":{"line":21,"column":2},"end":{"line":29,"column":3}},"8":{"start":{"line":22,"column":3},"end":{"line":22,"column":27}},"9":{"start":{"line":23,"column":3},"end":{"line":23,"column":30}},"10":{"start":{"line":27,"column":3},"end":{"line":27,"column":122}},"11":{"start":{"line":28,"column":3},"end":{"line":28,"column":17}},"12":{"start":{"line":33,"column":2},"end":{"line":40,"column":3}},"13":{"start":{"line":34,"column":20},"end":{"line":34,"column":45}},"14":{"start":{"line":35,"column":38},"end":{"line":35,"column":42}},"15":{"start":{"line":36,"column":3},"end":{"line":36,"column":53}},"16":{"start":{"line":39,"column":3},"end":{"line":39,"column":13}},"17":{"start":{"line":44,"column":2},"end":{"line":53,"column":3}},"18":{"start":{"line":45,"column":15},"end":{"line":45,"column":76}},"19":{"start":{"line":46,"column":20},"end":{"line":46,"column":40}},"20":{"start":{"line":47,"column":3},"end":{"line":47,"column":33}},"21":{"start":{"line":50,"column":3},"end":{"line":50,"column":19}},"22":{"start":{"line":51,"column":3},"end":{"line":51,"column":127}},"23":{"start":{"line":52,"column":3},"end":{"line":52,"column":18}},"24":{"start":{"line":59,"column":0},"end":{"line":59,"column":29}}},"fnMap":{"0":{"name":"(anonymous_0)","decl":{"start":{"line":14,"column":1},"end":{"line":14,"column":2}},"loc":{"start":{"line":14,"column":24},"end":{"line":18,"column":2}},"line":14},"1":{"name":"(anonymous_1)","decl":{"start":{"line":20,"column":1},"end":{"line":20,"column":2}},"loc":{"start":{"line":20,"column":15},"end":{"line":30,"column":2}},"line":20},"2":{"name":"(anonymous_2)","decl":{"start":{"line":32,"column":1},"end":{"line":32,"column":2}},"loc":{"start":{"line":32,"column":20},"end":{"line":41,"column":2}},"line":32},"3":{"name":"(anonymous_3)","decl":{"start":{"line":43,"column":1},"end":{"line":43,"column":2}},"loc":{"start":{"line":43,"column":23},"end":{"line":54,"column":2}},"line":43}},"branchMap":{"0":{"loc":{"start":{"line":27,"column":44},"end":{"line":27,"column":120}},"type":"cond-expr","locations":[{"start":{"line":27,"column":74},"end":{"line":27,"column":93}},{"start":{"line":27,"column":96},"end":{"line":27,"column":120}}],"line":27},"1":{"loc":{"start":{"line":51,"column":44},"end":{"line":51,"column":125}},"type":"cond-expr","locations":[{"start":{"line":51,"column":74},"end":{"line":51,"column":95}},{"start":{"line":51,"column":98},"end":{"line":51,"column":125}}],"line":51}},"s":{"0":2,"1":2,"2":2,"3":2,"4":8,"5":8,"6":8,"7":4,"8":4,"9":4,"10":0,"11":0,"12":8,"13":8,"14":8,"15":8,"16":0,"17":5,"18":5,"19":5,"20":5,"21":0,"22":0,"23":0,"24":2},"f":{"0":8,"1":4,"2":8,"3":5},"b":{"0":[0,0],"1":[0,0]},"_coverageSchema":"1a1c01bbd47fc00a2c39e90264f33305004495a9","hash":"cb7efc17ded35c972c9ef91d2f5513095d71af81"}
,"/Users/heinhtetzor/a/code/poke/lib/config/config.js": {"path":"/Users/heinhtetzor/a/code/poke/lib/config/config.js","statementMap":{"0":{"start":{"line":3,"column":2},"end":{"line":3,"column":72}},"1":{"start":{"line":4,"column":2},"end":{"line":4,"column":37}},"2":{"start":{"line":8,"column":0},"end":{"line":8,"column":24}}},"fnMap":{"0":{"name":"(anonymous_0)","decl":{"start":{"line":2,"column":1},"end":{"line":2,"column":2}},"loc":{"start":{"line":2,"column":24},"end":{"line":5,"column":4}},"line":2}},"branchMap":{"0":{"loc":{"start":{"line":2,"column":13},"end":{"line":2,"column":22}},"type":"default-arg","locations":[{"start":{"line":2,"column":20},"end":{"line":2,"column":22}}],"line":2},"1":{"loc":{"start":{"line":3,"column":17},"end":{"line":3,"column":71}},"type":"binary-expr","locations":[{"start":{"line":3,"column":17},"end":{"line":3,"column":31}},{"start":{"line":3,"column":35},"end":{"line":3,"column":71}}],"line":3}},"s":{"0":8,"1":8,"2":2},"f":{"0":8},"b":{"0":[8],"1":[8,8]},"_coverageSchema":"1a1c01bbd47fc00a2c39e90264f33305004495a9","hash":"bf43150684246226acb875b55fff786a7fc12eaf"}
}
