TN:
SF:utils.js
FN:11,(anonymous_0)
FN:13,(anonymous_1)
FN:19,(anonymous_2)
FN:20,(anonymous_3)
FN:34,(anonymous_4)
FN:35,(anonymous_5)
FN:46,(anonymous_6)
FN:47,(anonymous_7)
FN:55,(anonymous_8)
FNF:9
FNH:8
FNDA:2,(anonymous_0)
FNDA:5,(anonymous_1)
FNDA:14,(anonymous_2)
FNDA:14,(anonymous_3)
FNDA:1,(anonymous_4)
FNDA:1,(anonymous_5)
FNDA:1,(anonymous_6)
FNDA:6,(anonymous_7)
FNDA:0,(anonymous_8)
DA:12,2
DA:13,2
DA:14,5
DA:15,5
DA:16,3
DA:17,3
DA:19,3
DA:20,14
DA:21,14
DA:24,3
DA:27,2
DA:35,1
DA:36,1
DA:37,1
DA:39,1
DA:47,1
DA:48,6
DA:49,6
DA:50,6
DA:52,1
DA:56,0
DA:59,1
LF:22
LH:21
BRDA:15,0,0,3
BRDA:15,0,1,2
BRDA:16,1,0,3
BRDA:16,1,1,0
BRF:4
BRH:3
end_of_record
TN:
SF:classes/console-writer.js
FN:6,(anonymous_0)
FN:27,(anonymous_1)
FNF:2
FNH:0
FNDA:0,(anonymous_0)
FNDA:0,(anonymous_1)
DA:8,2
DA:28,0
DA:29,0
DA:31,0
DA:35,2
LF:5
LH:2
BRDA:28,0,0,0
BRDA:28,0,1,0
BRF:2
BRH:0
end_of_record
TN:
SF:classes/poke-wrapper.js
FN:14,(anonymous_0)
FN:20,(anonymous_1)
FN:32,(anonymous_2)
FN:43,(anonymous_3)
FNF:4
FNH:4
FNDA:8,(anonymous_0)
FNDA:4,(anonymous_1)
FNDA:8,(anonymous_2)
FNDA:5,(anonymous_3)
DA:1,2
DA:2,2
DA:3,2
DA:4,2
DA:15,8
DA:16,8
DA:17,8
DA:21,4
DA:22,4
DA:23,4
DA:27,0
DA:28,0
DA:33,8
DA:34,8
DA:35,8
DA:36,8
DA:39,0
DA:44,5
DA:45,5
DA:46,5
DA:47,5
DA:50,0
DA:51,0
DA:52,0
DA:59,2
LF:25
LH:19
BRDA:27,0,0,0
BRDA:27,0,1,0
BRDA:51,1,0,0
BRDA:51,1,1,0
BRF:4
BRH:0
end_of_record
TN:
SF:config/config.js
FN:2,(anonymous_0)
FNF:1
FNH:1
FNDA:8,(anonymous_0)
DA:3,8
DA:4,8
DA:8,2
LF:3
LH:3
BRDA:2,0,0,8
BRDA:3,1,0,8
BRDA:3,1,1,8
BRF:3
BRH:3
end_of_record
